[INFO ] 2022-12-30 16:30:39.152 [main] Log - chrome browser selected
[INFO ] 2022-12-30 16:30:39.337 [main] Log - Opened chrome browser
[INFO ] 2022-12-30 16:30:39.350 [main] Log - Window is maximized
[INFO ] 2022-12-30 16:30:46.880 [main] Log - Opened URL is  https://pulse-stage.projectai.com/login
[INFO ] 2022-12-30 16:30:46.980 [main] Log - Text in the element is [[ChromeDriver: chrome on WINDOWS (82f07b25ad1289c6f6de8e94de50dea2)] -> xpath: //input[@name='username']]is cleared
[INFO ] 2022-12-30 16:30:47.039 [main] Log - Cliked on textbox [[ChromeDriver: chrome on WINDOWS (82f07b25ad1289c6f6de8e94de50dea2)] -> xpath: //input[@name='username']]
[INFO ] 2022-12-30 16:30:47.156 [main] Log - Entered text on [[ChromeDriver: chrome on WINDOWS (82f07b25ad1289c6f6de8e94de50dea2)] -> xpath: //input[@name='username']] text
[INFO ] 2022-12-30 16:30:47.204 [main] Log - Text in the element is [[ChromeDriver: chrome on WINDOWS (82f07b25ad1289c6f6de8e94de50dea2)] -> xpath: //input[@name='password']]is cleared
[INFO ] 2022-12-30 16:30:47.265 [main] Log - Cliked on textbox [[ChromeDriver: chrome on WINDOWS (82f07b25ad1289c6f6de8e94de50dea2)] -> xpath: //input[@name='password']]
[INFO ] 2022-12-30 16:30:47.339 [main] Log - Entered text on [[ChromeDriver: chrome on WINDOWS (82f07b25ad1289c6f6de8e94de50dea2)] -> xpath: //input[@name='password']] text
[INFO ] 2022-12-30 16:30:47.415 [main] Log - wait for until element [[ChromeDriver: chrome on WINDOWS (82f07b25ad1289c6f6de8e94de50dea2)] -> xpath: //button[normalize-space()='Sign In']]is visible
[INFO ] 2022-12-30 16:30:47.493 [main] Log - Clicked on element [[ChromeDriver: chrome on WINDOWS (82f07b25ad1289c6f6de8e94de50dea2)] -> xpath: //button[normalize-space()='Sign In']]
[INFO ] 2022-12-30 16:30:52.561 [main] Log - wait for until element [[ChromeDriver: chrome on WINDOWS (82f07b25ad1289c6f6de8e94de50dea2)] -> xpath: //span[@class='_3JU2f9K7FBTWn0MXSKilJa']]is visible
[INFO ] 2022-12-30 16:30:52.613 [main] Log - Clicked on element [[ChromeDriver: chrome on WINDOWS (82f07b25ad1289c6f6de8e94de50dea2)] -> xpath: //span[@class='_3JU2f9K7FBTWn0MXSKilJa']]
[INFO ] 2022-12-30 16:30:55.661 [main] Log - wait for until element [[ChromeDriver: chrome on WINDOWS (82f07b25ad1289c6f6de8e94de50dea2)] -> xpath: //a[normalize-space()='Log Out']]is visible
[INFO ] 2022-12-30 16:30:58.634 [main] Log - Clicked on element Proxy element for: DefaultElementLocator 'By.xpath: //a[normalize-space()='Log Out']'
[INFO ] 2023-02-20 11:45:40.820 [main] Log - chrome browser selected
[INFO ] 2023-02-20 11:45:41.043 [main] Log - Opened chrome browser
[INFO ] 2023-02-20 11:45:41.058 [main] Log - Window is maximized
[INFO ] 2023-02-20 11:45:42.608 [main] Log - Opened URL is  https://pulse-stage.projectai.com/login
[INFO ] 2023-02-20 11:50:07.827 [main] Log - chrome browser selected
[INFO ] 2023-02-20 11:50:08.088 [main] Log - Opened chrome browser
[INFO ] 2023-02-20 11:50:08.107 [main] Log - Window is maximized
[INFO ] 2023-02-20 11:50:12.864 [main] Log - Opened URL is  https://pulse-stage.projectai.com/login
[INFO ] 2023-02-20 11:50:13.019 [main] Log - Text in the element is [[ChromeDriver: chrome on WINDOWS (9d1dc39bff7d1a0d8c33b3be5c07bd95)] -> xpath: //input[@name='username']]is cleared
[INFO ] 2023-02-20 11:50:13.112 [main] Log - Cliked on textbox [[ChromeDriver: chrome on WINDOWS (9d1dc39bff7d1a0d8c33b3be5c07bd95)] -> xpath: //input[@name='username']]
[INFO ] 2023-02-20 11:50:13.235 [main] Log - Entered text on [[ChromeDriver: chrome on WINDOWS (9d1dc39bff7d1a0d8c33b3be5c07bd95)] -> xpath: //input[@name='username']] text
[INFO ] 2023-02-20 11:50:13.303 [main] Log - Text in the element is [[ChromeDriver: chrome on WINDOWS (9d1dc39bff7d1a0d8c33b3be5c07bd95)] -> xpath: //input[@name='password']]is cleared
[INFO ] 2023-02-20 11:50:13.391 [main] Log - Cliked on textbox [[ChromeDriver: chrome on WINDOWS (9d1dc39bff7d1a0d8c33b3be5c07bd95)] -> xpath: //input[@name='password']]
[INFO ] 2023-02-20 11:50:13.498 [main] Log - Entered text on [[ChromeDriver: chrome on WINDOWS (9d1dc39bff7d1a0d8c33b3be5c07bd95)] -> xpath: //input[@name='password']] text
[INFO ] 2023-02-20 11:50:13.575 [main] Log - wait for until element [[ChromeDriver: chrome on WINDOWS (9d1dc39bff7d1a0d8c33b3be5c07bd95)] -> xpath: //button[normalize-space()='Sign In']]is visible
[INFO ] 2023-02-20 11:50:13.641 [main] Log - Clicked on element [[ChromeDriver: chrome on WINDOWS (9d1dc39bff7d1a0d8c33b3be5c07bd95)] -> xpath: //button[normalize-space()='Sign In']]
[INFO ] 2023-02-20 11:50:18.720 [main] Log - wait for until element [[ChromeDriver: chrome on WINDOWS (9d1dc39bff7d1a0d8c33b3be5c07bd95)] -> xpath: //span[@class='_3JU2f9K7FBTWn0MXSKilJa']]is visible
[INFO ] 2023-02-20 11:50:18.778 [main] Log - Clicked on element [[ChromeDriver: chrome on WINDOWS (9d1dc39bff7d1a0d8c33b3be5c07bd95)] -> xpath: //span[@class='_3JU2f9K7FBTWn0MXSKilJa']]
[INFO ] 2023-02-20 11:50:21.830 [main] Log - wait for until element [[ChromeDriver: chrome on WINDOWS (9d1dc39bff7d1a0d8c33b3be5c07bd95)] -> xpath: //a[normalize-space()='Log Out']]is visible
[INFO ] 2023-02-20 11:50:24.302 [main] Log - Clicked on element Proxy element for: DefaultElementLocator 'By.xpath: //a[normalize-space()='Log Out']'
